<?xml version="1.0" encoding="UTF-8" ?>
<testsuite tests="9" failures="0" name="interview.exception.TestAccountException" time="0.361" errors="0" skipped="0">
  <properties>
[...]
</properties>
  <testcase classname="interview.exception.TestAccountException" name="testGenerateException_NullErrorCode" time="0.358"/>
  <testcase classname="interview.exception.TestAccountException" name="testGenerateException_ValidErrorCodeWithMultipleParams" time="0"/>
  <testcase classname="interview.exception.TestAccountException" name="testGenerateException_ValidErrorCodeWithNullParam" time="0"/>
  <testcase classname="interview.exception.TestAccountException" name="testGenerateExceptionFromThrowable_NullArgs" time="0"/>
  <testcase classname="interview.exception.TestAccountException" name="testGenerateExceptionFromThrowable_ValidErrorCodeAndException" time="0"/>
  <testcase classname="interview.exception.TestAccountException" name="testGenerateException_NullErrorCodeWithMultipleParams" time="0"/>
  <testcase classname="interview.exception.TestAccountException" name="testGenerateExceptionFromThrowable_NullErrorCodeValidException" time="0"/>
  <testcase classname="interview.exception.TestAccountException" name="testGenerateException_NullErrorCodeWithParam" time="0"/>
  <testcase classname="interview.exception.TestAccountException" name="testGenerateException_NullArgs" time="0.001"/>
</testsuite>